<?xml version="1.0" encoding="UTF-8"?>
<robot generator="Robot 5.0.1 (Python 3.10.5 on win32)" generated="20220717 13:29:02.114" rpa="false" schemaversion="3">
<suite id="s1" name="SampleApiTest" source="C:\Workspace\RobotFrameworkPlayground\Tests\ApiTests\SampleApiTest.robot">
<test id="s1-t1" name="Quick Get Request Test" line="6">
<kw name="GET" library="RequestsLibrary">
<var>${response}</var>
<arg>https://www.google.com</arg>
<doc>Sends a GET request.</doc>
<msg timestamp="20220717 13:29:03.069" level="INFO">GET Request : url=https://www.google.com/ 
 path_url=/ 
 headers={'User-Agent': 'python-requests/2.28.1', 'Accept-Encoding': 'gzip, deflate', 'Accept': '*/*', 'Connection': 'keep-alive'} 
 body=None 
 </msg>
<msg timestamp="20220717 13:29:03.069" level="INFO">GET Response : url=https://www.google.com/ 
 status=200, reason=OK 
 headers={'Date': 'Sun, 17 Jul 2022 07:59:10 GMT', 'Expires': '-1', 'Cache-Control': 'private, max-age=0', 'Content-Type': 'text/html; charset=ISO-8859-1', 'P3P': 'CP="This is not a P3P policy! See g.co/p3phelp for more info."', 'Content-Encoding': 'gzip', 'Server': 'gws', 'X-XSS-Protection': '0', 'X-Frame-Options': 'SAMEORIGIN', 'Set-Cookie': '1P_JAR=2022-07-17-07; expires=Tue, 16-Aug-2022 07:59:10 GMT; path=/; domain=.google.com; Secure, AEC=AakniGNyNU7OcKOvpbCfZxU0T26rKFwEKAqOb8NghacgpdGXSpH6sdcssg; expires=Fri, 13-Jan-2023 07:59:10 GMT; path=/; domain=.google.com; Secure; HttpOnly; SameSite=lax, NID=511=Tir-7NFXvY8MA0H-yHPThRX94pauFskxlekOCgMBCeB2qF_TPX3e-chscuyyIePVZEbcd5ZwBlGiP-JAHDMYd9JIVAFlfiP2nAuvO55IK7xrJ6rnxXTu_3kHO6QpfBBIlEmwv5hsRP2M8Eh3NZEWuRA4kKNDeYmgC7hLJViowhk; expires=Mon, 16-Jan-2023 07:59:10 GMT; path=/; domain=.google.com; HttpOnly', 'Alt-Svc': 'h3=":443"; ma=2592000,h3-29=":443"; ma=2592000,h3-Q050=":443"; ma=2592000,h3-Q046=":443"; ma=2592000,h3-Q043=":443"; ma=2592000,quic=":443"; ma=2592000; v="46,43"', 'Transfer-Encoding': 'chunked'} 
 body=&lt;!doctype html&gt;&lt;html itemscope="" itemtype="http://schema.org/WebPage" lang="en-IN"&gt;&lt;head&gt;&lt;meta content="text/html; charset=UTF-8" http-equiv="Content-Type"&gt;&lt;meta content="/images/branding/googleg/1x/googleg_standard_color_128dp.png" itemprop="image"&gt;&lt;title&gt;Google&lt;/title&gt;&lt;script nonce="AH6Yp4Fnjqhb91eVYbc8Bg"&gt;(function(){window.google={kEI:'TsHTYu2LOtSMseMP0N2B4Ak',kEXPI:'0,1302536,56873,1710,4348,207,4804,2316,383,246,5,1354,4013,1123753,1197771,630,380090,16114,17444,11240,17572,4858,1362,9290,3027,2817,3773,4,10988,4020,978,13228,3847,10622,7432,15309,5081,1593,1279,2744,147,1103,840,2196,4101,108,3406,606,2023,1777,520,14670,3227,2845,7,5599,11851,16320,1851,15756,3,576,1014,1,5444,149,11323,2652,4,1528,2304,7039,13271,8752,3050,2658,7356,11444,2215,4437,16786,5818,2539,4094,4052,3,3541,1,42154,2,14022,2715,11401,11623,5679,1021,2379,2719,18243,2,2,5,7771,4569,6255,23421,830,422,5835,13857,1111,4332,8,6082,1394,445,2,2,1,10957,15675,8155,6582,799,2,1399,1642,11637,2163,5178,14455,7,1922,542,5164,3466,607,24,5415,1449,1278,1662,3,2584,1465,1843,1496,7204,6040,331,975,4385,36,1283,4445,189,117,41,420,28,1648,379,104,407,2542,1102,283,2456,551,791,194,122,415,285,4,1,2,2,2,2,1385,2333,1681,73,1360,15,82,922,20,82,1484,243,565,2889,574,209,920,287,1622,225,706,583,2,13,193,646,736,10,4,859,3,701,2,98,131,563,551,481,309,722,625,397,335,319,192,341,251,245,1305,2,477,16,349,5381617,5100,175,55,148,10,5995942,2803692,3311,141,795,19735,1,303,44,427,3,2,258,3,2,2,2,1,2,4,1,9,2,2,2,1,2,62,20,2,4,2,22,3,23949644,4042143,1964,2935,159,1358,12221,3405,716,1384629,2419',kBL:'ecaJ'};google.sn='webhp';google.kHL='en-IN';})();(function(){
var f=this||self;var h,k=[];function l(a){for(var b;a&amp;&amp;(!a.getAttribute||!(b=a.getAttribute("eid")));)a=a.parentNode;return b||h}function m(a){for(var b=null;a&amp;&amp;(!a.getAttribute||!(b=a.getAttribute("leid")));)a=a.parentNode;return b}
function n(a,b,c,d,g){var e="";c||-1!==b.search("&amp;ei=")||(e="&amp;ei="+l(d),-1===b.search("&amp;lei=")&amp;&amp;(d=m(d))&amp;&amp;(e+="&amp;lei="+d));d="";!c&amp;&amp;f._cshid&amp;&amp;-1===b.search("&amp;cshid=")&amp;&amp;"slh"!==a&amp;&amp;(d="&amp;cshid="+f._cshid);c=c||"/"+(g||"gen_204")+"?atyp=i&amp;ct="+a+"&amp;cad="+b+e+"&amp;zx="+Date.now()+d;/^http:/i.test(c)&amp;&amp;"https:"===window.location.protocol&amp;&amp;(google.ml&amp;&amp;google.ml(Error("a"),!1,{src:c,glmm:1}),c="");return c};h=google.kEI;google.getEI=l;google.getLEI=m;google.ml=function(){return null};google.log=function(a,b,c,d,g){if(c=n(a,b,c,d,g)){a=new Image;var e=k.length;k[e]=a;a.onerror=a.onload=a.onabort=function(){delete k[e]};a.src=c}};google.logUrl=n;}).call(this);(function(){
google.y={};google.sy=[];google.x=function(a,b){if(a)var c=a.id;else{do c=Math.random();while(google.y[c])}google.y[c]=[a,b];return!1};google.sx=function(a){google.sy.push(a)};google.lm=[];google.plm=function(a){google.lm.push.apply(google.lm,a)};google.lq=[];google.load=function(a,b,c){google.lq.push([[a],b,c])};google.loadAll=function(a,b){google.lq.push([a,b])};google.bx=!1;google.lx=function(){};}).call(this);google.f={};(function(){
document.documentElement.addEventListener("submit",function(b){var a;if(a=b.target){var c=a.getAttribute("data-submitfalse");a="1"===c||"q"===c&amp;&amp;!a.elements.q.value?!0:!1}else a=!1;a&amp;&amp;(b.preventDefault(),b.stopPropagation())},!0);document.documentElement.addEventListener("click",function(b){var a;a:{for(a=b.target;a&amp;&amp;a!==document.documentElement;a=a.parentElement)if("A"===a.tagName){a="1"===a.getAttribute("data-nohref");break a}a=!1}a&amp;&amp;b.preventDefault()},!0);}).call(this);&lt;/script&gt;&lt;style&gt;#gbar,#guser{font-size:13px;padding-top:1px !important;}#gbar{height:22px}#guser{padding-bottom:7px !important;text-align:right}.gbh,.gbd{border-top:1px solid #c9d7f1;font-size:1px}.gbh{height:0;position:absolute;top:24px;width:100%}@media all{.gb1{height:22px;margin-right:.5em;vertical-align:top}#gbar{float:left}}a.gb1,a.gb4{text-decoration:underline !important}a.gb1,a.gb4{color:#00c !important}.gbi .gb4{color:#dd8e27 !important}.gbf .gb4{color:#900 !important}
&lt;/style&gt;&lt;style&gt;body,td,a,p,.h{font-family:arial,sans-serif}body{margin:0;overflow-y:scroll}#gog{padding:3px 8px 0}td{line-height:.8em}.gac_m td{line-height:17px}form{margin-bottom:20px}.h{color:#1558d6}em{font-weight:bold;font-style:normal}.lst{height:25px;width:496px}.gsfi,.lst{font:18px arial,sans-serif}.gsfs{font:17px arial,sans-serif}.ds{display:inline-box;display:inline-block;margin:3px 0 4px;margin-left:4px}input{font-family:inherit}body{background:#fff;color:#000}a{color:#4b11a8;text-decoration:none}a:hover,a:active{text-decoration:underline}.fl a{color:#1558d6}a:visited{color:#4b11a8}.sblc{padding-top:5px}.sblc a{display:block;margin:2px 0;margin-left:13px;font-size:11px}.lsbb{background:#f8f9fa;border:solid 1px;border-color:#dadce0 #70757a #70757a #dadce0;height:30px}.lsbb{display:block}#WqQANb a{display:inline-block;margin:0 12px}.lsb{background:url(/images/nav_logo229.png) 0 -261px repeat-x;border:none;color:#000;cursor:pointer;height:30px;margin:0;outline:0;font:15px arial,sans-serif;vertical-align:top}.lsb:active{background:#dadce0}.lst:focus{outline:none}&lt;/style&gt;&lt;script nonce="AH6Yp4Fnjqhb91eVYbc8Bg"&gt;(function(){window.google.erd={jsr:1,bv:1616,de:true};
var f=this||self;var g,h=null!=(g=f.mei)?g:1,m,n=null!=(m=f.sdo)?m:!0,p=0,q,r=google.erd,u=r.jsr;google.ml=function(a,b,d,k,c){c=void 0===c?2:c;b&amp;&amp;(q=a&amp;&amp;a.message);if(google.dl)return google.dl(a,c,d),null;if(0&gt;u){window.console&amp;&amp;console.error(a,d);if(-2===u)throw a;b=!1}else b=!a||!a.message||"Error loading script"===a.message||p&gt;=h&amp;&amp;!k?!1:!0;if(!b)return null;p++;d=d||{};var e=c;c=encodeURIComponent;b="/gen_204?atyp=i&amp;ei="+c(google.kEI);google.kEXPI&amp;&amp;(b+="&amp;jexpid="+c(google.kEXPI));b+="&amp;srcpg="+c(google.sn)+"&amp;jsr="+c(r.jsr)+"&amp;bver="+c(r.bv)+("&amp;jsel="+e);e=a.lineNumber;void 0!==e&amp;&amp;(b+="&amp;line="+
e);var l=a.fileName;l&amp;&amp;(b+="&amp;script="+c(l),e&amp;&amp;l===window.location.href&amp;&amp;(e=document.documentElement.outerHTML.split("\n")[e],b+="&amp;cad="+c(e?e.substring(0,300):"No script found.")));for(var t in d)b+="&amp;",b+=c(t),b+="=",b+=c(d[t]);b=b+"&amp;emsg="+c(a.name+": "+a.message);b=b+"&amp;jsst="+c(a.stack||"N/A");12288&lt;=b.length&amp;&amp;(b=b.substr(0,12288));a=b;k||google.log(0,"",a);return a};window.onerror=function(a,b,d,k,c){q!==a&amp;&amp;(a=c instanceof Error?c:Error(a),void 0===d||"lineNumber"in a||(a.lineNumber=d),void 0===b||"fileName"in a||(a.fileName=b),google.ml(a,!1,void 0,!1,"SyntaxError"===a.name||"SyntaxError"===a.message.substring(0,11)||0&lt;a.message.indexOf("Script error")?2:0));q=null;n&amp;&amp;p&gt;=h&amp;&amp;(window.onerror=null)};})();&lt;/script&gt;&lt;/head&gt;&lt;body bgcolor="#fff"&gt;&lt;script nonce="AH6Yp4Fnjqhb91eVYbc8Bg"&gt;(function(){var src='/images/nav_logo229.png';var iesg=false;document.body.onload = function(){window.n &amp;&amp; window.n();if (document.images){new Image().src=src;}
if (!iesg){document.f&amp;&amp;document.f.q.focus();document.gbqf&amp;&amp;document.gbqf.q.focus();}
}
})();&lt;/script&gt;&lt;div id="mngb"&gt;&lt;div id=gbar&gt;&lt;nobr&gt;&lt;b class=gb1&gt;Search&lt;/b&gt; &lt;a class=gb1 href="https://www.google.co.in/imghp?hl=en&amp;tab=wi"&gt;Images&lt;/a&gt; &lt;a class=gb1 href="https://maps.google.co.in/maps?hl=en&amp;tab=wl"&gt;Maps&lt;/a&gt; &lt;a class=gb1 href="https://play.google.com/?hl=en&amp;tab=w8"&gt;Play&lt;/a&gt; &lt;a class=gb1 href="https://www.youtube.com/?gl=IN&amp;tab=w1"&gt;YouTube&lt;/a&gt; &lt;a class=gb1 href="https://news.google.com/?tab=wn"&gt;News&lt;/a&gt; &lt;a class=gb1 href="https://mail.google.com/mail/?tab=wm"&gt;Gmail&lt;/a&gt; &lt;a class=gb1 href="https://drive.google.com/?tab=wo"&gt;Drive&lt;/a&gt; &lt;a class=gb1 style="text-decoration:none" href="https://www.google.co.in/intl/en/about/products?tab=wh"&gt;&lt;u&gt;More&lt;/u&gt; &amp;raquo;&lt;/a&gt;&lt;/nobr&gt;&lt;/div&gt;&lt;div id=guser width=100%&gt;&lt;nobr&gt;&lt;span id=gbn class=gbi&gt;&lt;/span&gt;&lt;span id=gbf class=gbf&gt;&lt;/span&gt;&lt;span id=gbe&gt;&lt;/span&gt;&lt;a href="http://www.google.co.in/history/optout?hl=en" class=gb4&gt;Web History&lt;/a&gt; | &lt;a  href="/preferences?hl=en" class=gb4&gt;Settings&lt;/a&gt; | &lt;a target=_top id=gb_70 href="https://accounts.google.com/ServiceLogin?hl=en&amp;passive=true&amp;continue=https://www.google.com/&amp;ec=GAZAAQ" class=gb4&gt;Sign in&lt;/a&gt;&lt;/nobr&gt;&lt;/div&gt;&lt;div class=gbh style=left:0&gt;&lt;/div&gt;&lt;div class=gbh style=right:0&gt;&lt;/div&gt;&lt;/div&gt;&lt;center&gt;&lt;br clear="all" id="lgpd"&gt;&lt;div id="lga"&gt;&lt;img alt="Google" height="92" src="/images/branding/googlelogo/1x/googlelogo_white_background_color_272x92dp.png" style="padding:28px 0 14px" width="272" id="hplogo"&gt;&lt;br&gt;&lt;br&gt;&lt;/div&gt;&lt;form action="/search" name="f"&gt;&lt;table cellpadding="0" cellspacing="0"&gt;&lt;tr valign="top"&gt;&lt;td width="25%"&gt;&amp;nbsp;&lt;/td&gt;&lt;td align="center" nowrap=""&gt;&lt;input name="ie" value="ISO-8859-1" type="hidden"&gt;&lt;input value="en-IN" name="hl" type="hidden"&gt;&lt;input name="source" type="hidden" value="hp"&gt;&lt;input name="biw" type="hidden"&gt;&lt;input name="bih" type="hidden"&gt;&lt;div class="ds" style="height:32px;margin:4px 0"&gt;&lt;input class="lst" style="margin:0;padding:5px 8px 0 6px;vertical-align:top;color:#000" autocomplete="off" value="" title="Google Search" maxlength="2048" name="q" size="57"&gt;&lt;/div&gt;&lt;br style="line-height:0"&gt;&lt;span class="ds"&gt;&lt;span class="lsbb"&gt;&lt;input class="lsb" value="Google Search" name="btnG" type="submit"&gt;&lt;/span&gt;&lt;/span&gt;&lt;span class="ds"&gt;&lt;span class="lsbb"&gt;&lt;input class="lsb" id="tsuid1" value="I'm Feeling Lucky" name="btnI" type="submit"&gt;&lt;script nonce="AH6Yp4Fnjqhb91eVYbc8Bg"&gt;(function(){var id='tsuid1';document.getElementById(id).onclick = function(){if (this.form.q.value){this.checked = 1;if (this.form.iflsig)this.form.iflsig.disabled = false;}
else top.location='/doodles/';};})();&lt;/script&gt;&lt;input value="AJiK0e8AAAAAYtPPXtYvwSnCDTo6ZG61GlKSuNODpJz5" name="iflsig" type="hidden"&gt;&lt;/span&gt;&lt;/span&gt;&lt;/td&gt;&lt;td class="fl sblc" align="left" nowrap="" width="25%"&gt;&lt;a href="/advanced_search?hl=en-IN&amp;amp;authuser=0"&gt;Advanced search&lt;/a&gt;&lt;/td&gt;&lt;/tr&gt;&lt;/table&gt;&lt;input id="gbv" name="gbv" type="hidden" value="1"&gt;&lt;script nonce="AH6Yp4Fnjqhb91eVYbc8Bg"&gt;(function(){
var a,b="1";if(document&amp;&amp;document.getElementById)if("undefined"!=typeof XMLHttpRequest)b="2";else if("undefined"!=typeof ActiveXObject){var c,d,e=["MSXML2.XMLHTTP.6.0","MSXML2.XMLHTTP.3.0","MSXML2.XMLHTTP","Microsoft.XMLHTTP"];for(c=0;d=e[c++];)try{new ActiveXObject(d),b="2"}catch(h){}}a=b;if("2"==a&amp;&amp;-1==location.search.indexOf("&amp;gbv=2")){var f=googl... (set the log level to DEBUG or TRACE to see the full content) 
 </msg>
<msg timestamp="20220717 13:29:03.070" level="INFO">${response} = &lt;Response [200]&gt;</msg>
<status status="PASS" starttime="20220717 13:29:02.180" endtime="20220717 13:29:03.070"/>
</kw>
<status status="PASS" starttime="20220717 13:29:02.180" endtime="20220717 13:29:03.072"/>
</test>
<test id="s1-t2" name="Quick Get Request With Parameters Test" line="9">
<kw name="GET" library="RequestsLibrary">
<var>${response}</var>
<arg>https://www.google.com/search</arg>
<arg>params=query=ciao</arg>
<arg>expected_status=200</arg>
<doc>Sends a GET request.</doc>
<msg timestamp="20220717 13:29:03.794" level="INFO">GET Request : url=https://www.google.com/search?query=ciao 
 path_url=/search?query=ciao 
 headers={'User-Agent': 'python-requests/2.28.1', 'Accept-Encoding': 'gzip, deflate', 'Accept': '*/*', 'Connection': 'keep-alive'} 
 body=None 
 </msg>
<msg timestamp="20220717 13:29:03.794" level="INFO">GET Response : url=https://www.google.com/search?query=ciao 
 status=200, reason=OK 
 headers={'Content-Type': 'text/html; charset=ISO-8859-1', 'Date': 'Sun, 17 Jul 2022 07:59:11 GMT', 'Expires': '-1', 'Cache-Control': 'private, max-age=0', 'P3P': 'CP="This is not a P3P policy! See g.co/p3phelp for more info."', 'Content-Encoding': 'gzip', 'Server': 'gws', 'X-XSS-Protection': '0', 'X-Frame-Options': 'SAMEORIGIN', 'Set-Cookie': '1P_JAR=2022-07-17-07; expires=Tue, 16-Aug-2022 07:59:11 GMT; path=/; domain=.google.com; Secure, AEC=AakniGN9LR7cWX4x3vWsc03Ydf-EH7g-b3t7JpFY1R023hMXHbGiI9dj6g; expires=Fri, 13-Jan-2023 07:59:11 GMT; path=/; domain=.google.com; Secure; HttpOnly; SameSite=lax, NID=511=fShy66-Jur78jXlLbN2dTjth7k5_Li4lgen6G7YlLRAamsy2T3MyqC1fLI_ck22xEri9REchVeTHhGiuSgscoYoWmI_VpfsnaLTno0QxQ0cEg6fRemhp6mxM8FYr_hXz92gkUok8LiOVhf_wmj2ZDFLOXxcJqArpA-LSB2zkY7k; expires=Mon, 16-Jan-2023 07:59:11 GMT; path=/; domain=.google.com; HttpOnly', 'Alt-Svc': 'h3=":443"; ma=2592000,h3-29=":443"; ma=2592000,h3-Q050=":443"; ma=2592000,h3-Q046=":443"; ma=2592000,h3-Q043=":443"; ma=2592000,quic=":443"; ma=2592000; v="46,43"', 'Transfer-Encoding': 'chunked'} 
 body=&lt;!doctype html&gt;&lt;html lang="en-IN"&gt;&lt;head&gt;&lt;meta charset="UTF-8"&gt;&lt;meta content="/images/branding/googleg/1x/googleg_standard_color_128dp.png" itemprop="image"&gt;&lt;title&gt;ciao - Google Search&lt;/title&gt;&lt;script nonce="hTYQRCA8HGrz_yjUFIya-A"&gt;(function(){
document.documentElement.addEventListener("submit",function(b){var a;if(a=b.target){var c=a.getAttribute("data-submitfalse");a="1"===c||"q"===c&amp;&amp;!a.elements.q.value?!0:!1}else a=!1;a&amp;&amp;(b.preventDefault(),b.stopPropagation())},!0);document.documentElement.addEventListener("click",function(b){var a;a:{for(a=b.target;a&amp;&amp;a!==document.documentElement;a=a.parentElement)if("A"===a.tagName){a="1"===a.getAttribute("data-nohref");break a}a=!1}a&amp;&amp;b.preventDefault()},!0);}).call(this);(function(){
var a=window.performance;window.start=Date.now();a:{var b=window;if(a){var c=a.timing;if(c){var d=c.navigationStart,f=c.responseStart;if(f&gt;d&amp;&amp;f&lt;=window.start){window.start=f;b.wsrt=f-d;break a}}a.now&amp;&amp;(b.wsrt=Math.floor(a.now()))}}window.google=window.google||{};var h=function(g){g&amp;&amp;g.target.setAttribute("data-iml",Date.now())};document.documentElement.addEventListener("load",h,!0);google.rglh=function(){document.documentElement.removeEventListener("load",h,!0)};}).call(this);(function(){window._noJsad=1;})();(function(){window._skwEvts=[];})();(function(){window.google.erd={jsr:1,bv:1616,de:true};})();(function(){var sdo=false;var mei=10;
var f=this||self;var g,h=null!=(g=f.mei)?g:1,m,n=null!=(m=f.sdo)?m:!0,p=0,q,r=google.erd,u=r.jsr;google.ml=function(a,b,d,k,c){c=void 0===c?2:c;b&amp;&amp;(q=a&amp;&amp;a.message);if(google.dl)return google.dl(a,c,d),null;if(0&gt;u){window.console&amp;&amp;console.error(a,d);if(-2===u)throw a;b=!1}else b=!a||!a.message||"Error loading script"===a.message||p&gt;=h&amp;&amp;!k?!1:!0;if(!b)return null;p++;d=d||{};var e=c;c=encodeURIComponent;b="/gen_204?atyp=i&amp;ei="+c(google.kEI);google.kEXPI&amp;&amp;(b+="&amp;jexpid="+c(google.kEXPI));b+="&amp;srcpg="+c(google.sn)+"&amp;jsr="+c(r.jsr)+"&amp;bver="+c(r.bv)+("&amp;jsel="+e);e=a.lineNumber;void 0!==e&amp;&amp;(b+="&amp;line="+
e);var l=a.fileName;l&amp;&amp;(b+="&amp;script="+c(l),e&amp;&amp;l===window.location.href&amp;&amp;(e=document.documentElement.outerHTML.split("\n")[e],b+="&amp;cad="+c(e?e.substring(0,300):"No script found.")));for(var t in d)b+="&amp;",b+=c(t),b+="=",b+=c(d[t]);b=b+"&amp;emsg="+c(a.name+": "+a.message);b=b+"&amp;jsst="+c(a.stack||"N/A");12288&lt;=b.length&amp;&amp;(b=b.substr(0,12288));a=b;k||google.log(0,"",a);return a};window.onerror=function(a,b,d,k,c){q!==a&amp;&amp;(a=c instanceof Error?c:Error(a),void 0===d||"lineNumber"in a||(a.lineNumber=d),void 0===b||"fileName"in a||(a.fileName=b),google.ml(a,!1,void 0,!1,"SyntaxError"===a.name||"SyntaxError"===a.message.substring(0,11)||0&lt;a.message.indexOf("Script error")?2:0));q=null;n&amp;&amp;p&gt;=h&amp;&amp;(window.onerror=null)};})();(function(){
var c=[],e=0;window.ping=function(b){-1==b.indexOf("&amp;zx")&amp;&amp;(b+="&amp;zx="+Date.now());var a=new Image,d=e++;c[d]=a;a.onerror=a.onload=a.onabort=function(){delete c[d]};a.src=b};}).call(this);&lt;/script&gt;&lt;style&gt;body{margin:0 auto;max-width:652px;padding:0 8px;}a{color:#1a0dab;text-decoration:none;tap-highlight-color:rgba(0,0,0,.10)}a:visited{color:#4b11a8}a:hover{text-decoration:underline}img{border:0}html{font-family:arial,sans-serif;font-size:14px;line-height:20px;text-size-adjust:100%;color:#3c4043;word-wrap:break-word;background-color:#fff}.bRsWnc{background-color:#fff;border-top:1px solid #dadce0;height:39px;overflow:hidden}.N6RWV{height:51px;overflow-scrolling:touch;overflow-x:auto;overflow-y:hidden}.Uv67qb{box-pack:justify;font-size:12px;line-height:37px;justify-content:space-between;justify-content:space-between}.Uv67qb a,.Uv67qb span{color:#70757a;display:block;flex:none;padding:0 16px;text-align:center;text-transform:uppercase;}span.OXXup{border-bottom:2px solid #4285f4;color:#4285f4;font-weight:bold}a.eZt8xd:visited{color:#70757a}.FElbsf{border-left:1px solid rgba(0,0,0,.12)}header article{overflow:visible}.Pg70bf{height:39px;display:box;display:flex;display:flex;width:100%}.H0PQec{position:relative;flex:1}.sbc{display:flex;width:100%}.Pg70bf input{margin:2px 4px 2px 8px;}.x{width:26px;color:#70757a;font:27px/38px arial, sans-serif;line-height:40px;}#qdClwb{flex:0 0 auto;width:39px;height:39px;border-bottom:0;padding:0;border-top-right-radius:8px;background-color:#1a73e8;border:1px solid #1558d6;background-image:url(data:image/gif;base64,R0lGODdhJAAjAPIHAODr/nCk+MPZ/FmV96zK+/7+/5K5+kqL9iwAAAAAJAAjAEADani63P4wykmbKcQRXDscQAEMXmmeaLQVLCukzyC09AjfeK7v/MAajACLhPMVAgwjsUcEiZa8xgAYrVqv2Kx2iwsIAAABknfBBAKrTE4IcMyot8ur8datqIbQfJdnAfo2WE6BV05wXIiJigkAOw==);}.sc{font-size:16px;position:absolute;top:39px;left:0;right:0;box-shadow:0px 2px 5px rgba(0,0,0,.2);z-index:2;background-color:#fff}.sc&gt;div{padding:10px 10px;padding-left:16px;padding-left:14px;border-top:1px solid #dfe1e5}.scs{background-color:#f8f9fa;}.noHIxc{display:block;font-size:16px;padding:0 0 0 8px;flex:1;height:35px;outline:none;border:none;width:100%;-webkit-tap-highlight-color:rgba(0,0,0,.00);overflow:hidden;}.sbc input[type=text]{background:none}.bz1lBb{background:#fff;border-radius:8px 8px 0 0;box-shadow:0 0 0 1px #dfe1e5;margin-top:24px;}.KP7LCb{border-radius:0 0 8px 8px;box-shadow:0px 1px 0px 1px #dfe1e5;margin-bottom:30px;overflow:hidden}body{margin:0 auto 0 156px;max-width:652px;min-width:652px}.cOl4Id{letter-spacing:-1px;text-align:center;font:22pt Futura, Arial, sans-serif;height:37px;font-smoothing:antialiased;padding:32px 28px 0 24px;position:absolute;left:0;top:0}.cOl4Id span{display:inline-block}.V6gwVd{color:#4285f4}.iWkuvd{color:#ea4335}.cDrQ7{color:#fcc934}.ntlR9{color:#34a853}.tJ3Myc{-webkit-transform:rotate(-20deg);position:relative;left:-1px;display:inline-block}footer{text-align:center;margin-top:18px}footer a,footer a:visited,.smiUbb{color:#70757a}.xeDNfc{margin:0 13px;white-space:nowrap}#EOlPnc{margin-top:36px}#EOlPnc&gt;div{margin:20px}.Srfpq{color:#70757a}&lt;/style&gt;&lt;/head&gt;&lt;body jsmodel="hspDDf"&gt;&lt;header id="hdr"&gt;&lt;script nonce="hTYQRCA8HGrz_yjUFIya-A"&gt;(function(){
var k=this||self,l=function(a){var b=typeof a;return"object"==b&amp;&amp;null!=a||"function"==b},m=function(a,b){function c(){}c.prototype=b.prototype;a.j=b.prototype;a.prototype=new c;a.prototype.constructor=a;a.l=function(d,e,f){for(var g=Array(arguments.length-2),h=2;h&lt;arguments.length;h++)g[h-2]=arguments[h];return b.prototype[e].apply(d,g)}};var n=Array.prototype.indexOf?function(a,b){return Array.prototype.indexOf.call(a,b,void 0)}:function(a,b){if("string"===typeof a)return"string"!==typeof b||1!=b.length?-1:a.indexOf(b,0);for(var c=0;c&lt;a.length;c++)if(c in a&amp;&amp;a[c]===b)return c;return-1};var p=function(a){return"string"==typeof a.className?a.className:a.getAttribute&amp;&amp;a.getAttribute("class")||""},q=function(a,b){"string"==typeof a.className?a.className=b:a.setAttribute&amp;&amp;a.setAttribute("class",b)},r=function(a,b){a.classList?b=a.classList.contains(b):(a=a.classList?a.classList:p(a).match(/\S+/g)||[],b=0&lt;=n(a,b));return b},v=function(){var a=t,b=u;a.classList?a.classList.remove(b):r(a,b)&amp;&amp;q(a,Array.prototype.filter.call(a.classList?a.classList:p(a).match(/\S+/g)||[],function(c){return c!=
b}).join(" "))};function w(){var a=k.navigator;return a&amp;&amp;(a=a.userAgent)?a:""};var x=function(a){x[" "](a);return a};x[" "]=function(){};var y=-1!=w().indexOf("Gecko")&amp;&amp;!(-1!=w().toLowerCase().indexOf("webkit")&amp;&amp;-1==w().indexOf("Edge"))&amp;&amp;!(-1!=w().indexOf("Trident")||-1!=w().indexOf("MSIE"))&amp;&amp;-1==w().indexOf("Edge");var z=function(a,b){this.type=a;this.target=b};z.prototype.g=function(){};var A=function(){if(!k.addEventListener||!Object.defineProperty)return!1;var a=!1,b=Object.defineProperty({},"passive",{get:function(){a=!0}});try{k.addEventListener("test",function(){},b),k.removeEventListener("test",function(){},b)}catch(c){}return a}();var C=function(a){z.call(this,a?a.type:"");this.relatedTarget=this.target=null;this.button=this.screenY=this.screenX=this.clientY=this.clientX=0;this.key="";this.keyCode=0;this.metaKey=this.shiftKey=this.altKey=this.ctrlKey=!1;this.state=null;this.pointerId=0;this.pointerType="";this.h=null;if(a){var b=this.type=a.type,c=a.changedTouches&amp;&amp;a.changedTouches.length?a.changedTouches[0]:null;this.target=a.target||a.srcElement;var d=a.relatedTarget;if(d){if(y){a:{try{x(d.nodeName);var e=!0;break a}catch(f){}e=
!1}e||(d=null)}}else"mouseover"==b?d=a.fromElement:"mouseout"==b&amp;&amp;(d=a.toElement);this.relatedTarget=d;c?(this.clientX=void 0!==c.clientX?c.clientX:c.pageX,this.clientY=void 0!==c.clientY?c.clientY:c.pageY,this.screenX=c.screenX||0,this.screenY=c.screenY||0):(this.clientX=void 0!==a.clientX?a.clientX:a.pageX,this.clientY=void 0!==a.clientY?a.clientY:a.pageY,this.screenX=a.screenX||0,this.screenY=a.screenY||0);this.button=a.button;this.keyCode=a.keyCode||0;this.key=a.key||"";this.ctrlKey=a.ctrlKey;this.altKey=a.altKey;this.shiftKey=a.shiftKey;this.metaKey=a.metaKey;this.pointerId=a.pointerId||0;this.pointerType="string"===typeof a.pointerType?a.pointerType:B[a.pointerType]||"";this.state=a.state;this.h=a;a.defaultPrevented&amp;&amp;C.j.g.call(this)}};m(C,z);var B={2:"touch",3:"pen",4:"mouse"};C.prototype.g=function(){C.j.g.call(this);var a=this.h;a.preventDefault?a.preventDefault():a.returnValue=!1};var D="closure_listenable_"+(1E6*Math.random()|0);var E=0;var F=function(a,b,c,d,e){this.listener=a;this.proxy=null;this.src=b;this.type=c;this.capture=!!d;this.h=e;this.key=++E;this.g=this.i=!1},G=function(a){a.g=!0;a.listener=null;a.proxy=null;a.src=null;a.h=null};var H=function(a){this.src=a;this.g={};this.h=0};H.prototype.add=function(a,b,c,d,e){var f=a.toString();a=this.g[f];a||(a=this.g[f]=[],this.h++);var g;a:{for(g=0;g&lt;a.length;++g){var h=a[g];if(!h.g&amp;&amp;h.listener==b&amp;&amp;h.capture==!!d&amp;&amp;h.h==e)break a}g=-1}-1&lt;g?(b=a[g],c||(b.i=!1)):(b=new F(b,this.src,f,!!d,e),b.i=c,a.push(b));return b};var I="closure_lm_"+(1E6*Math.random()|0),J={},K=0,M=function(a,b,c,d,e){if(d&amp;&amp;d.once)return L(a,b,c,d,e);if(Array.isArray(b)){for(var f=0;f&lt;b.length;f++)M(a,b[f],c,d,e);return null}c=N(c);return a&amp;&amp;a[D]?a.g(b,c,l(d)?!!d.capture:!!d,e):O(a,b,c,!1,d,e)},O=function(a,b,c,d,e,f){if(!b)throw Error("a");var g=l(e)?!!e.capture:!!e,h... (set the log level to DEBUG or TRACE to see the full content) 
 </msg>
<msg timestamp="20220717 13:29:03.794" level="INFO">${response} = &lt;Response [200]&gt;</msg>
<status status="PASS" starttime="20220717 13:29:03.073" endtime="20220717 13:29:03.794"/>
</kw>
<status status="PASS" starttime="20220717 13:29:03.073" endtime="20220717 13:29:03.795"/>
</test>
<test id="s1-t3" name="Quick Get A JSON Body Test" line="12">
<kw name="GET" library="RequestsLibrary">
<var>${response}</var>
<arg>https://jsonplaceholder.typicode.com/posts/1</arg>
<doc>Sends a GET request.</doc>
<msg timestamp="20220717 13:29:04.076" level="INFO">GET Request : url=https://jsonplaceholder.typicode.com/posts/1 
 path_url=/posts/1 
 headers={'User-Agent': 'python-requests/2.28.1', 'Accept-Encoding': 'gzip, deflate', 'Accept': '*/*', 'Connection': 'keep-alive'} 
 body=None 
 </msg>
<msg timestamp="20220717 13:29:04.076" level="INFO">GET Response : url=https://jsonplaceholder.typicode.com/posts/1 
 status=200, reason=OK 
 headers={'Date': 'Sun, 17 Jul 2022 07:59:12 GMT', 'Content-Type': 'application/json; charset=utf-8', 'Transfer-Encoding': 'chunked', 'Connection': 'keep-alive', 'X-Powered-By': 'Express', 'X-Ratelimit-Limit': '1000', 'X-Ratelimit-Remaining': '999', 'X-Ratelimit-Reset': '1657259800', 'Vary': 'Origin, Accept-Encoding', 'Access-Control-Allow-Credentials': 'true', 'Cache-Control': 'max-age=43200', 'Pragma': 'no-cache', 'Expires': '-1', 'X-Content-Type-Options': 'nosniff', 'Etag': 'W/"124-yiKdLzqO5gfBrJFrcdJ8Yq0LGnU"', 'Via': '1.1 vegur', 'CF-Cache-Status': 'HIT', 'Age': '653', 'Expect-CT': 'max-age=604800, report-uri="https://report-uri.cloudflare.com/cdn-cgi/beacon/expect-ct"', 'Report-To': '{"endpoints":[{"url":"https:\\/\\/a.nel.cloudflare.com\\/report\\/v3?s=FVzYSusDBy%2FReBY7qJGXCa12iPs%2BqpPm14t7BX8GirYEcYZ%2FsJI3twMq2krCfcPIFXQWMfrExGYEYwlIGAfTUGoQp0doCHzuvIiOwsYCdPGRQe2biHCVIlA3HPcW9jf9YDhvdidZ7Bl5FnalrfKP"}],"group":"cf-nel","max_age":604800}', 'NEL': '{"success_fraction":0,"report_to":"cf-nel","max_age":604800}', 'Server': 'cloudflare', 'CF-RAY': '72c16fd4cffa9fe0-SIN', 'Content-Encoding': 'gzip', 'alt-svc': 'h3=":443"; ma=86400, h3-29=":443"; ma=86400'} 
 body={
  "userId": 1,
  "id": 1,
  "title": "sunt aut facere repellat provident occaecati excepturi optio reprehenderit",
  "body": "quia et suscipit\nsuscipit recusandae consequuntur expedita et cum\nreprehenderit molestiae ut ut quas totam\nnostrum rerum est autem sunt rem eveniet architecto"
} 
 </msg>
<msg timestamp="20220717 13:29:04.076" level="INFO">${response} = &lt;Response [200]&gt;</msg>
<status status="PASS" starttime="20220717 13:29:03.798" endtime="20220717 13:29:04.076"/>
</kw>
<kw name="Should Be Equal As Strings" library="BuiltIn">
<arg>1</arg>
<arg>${response.json()}[id]</arg>
<doc>Fails if objects are unequal after converting them to strings.</doc>
<msg timestamp="20220717 13:29:04.077" level="INFO">Argument types are:
&lt;class 'str'&gt;
&lt;class 'int'&gt;</msg>
<status status="PASS" starttime="20220717 13:29:04.076" endtime="20220717 13:29:04.077"/>
</kw>
<status status="PASS" starttime="20220717 13:29:03.797" endtime="20220717 13:29:04.078"/>
</test>
<status status="PASS" starttime="20220717 13:29:02.114" endtime="20220717 13:29:04.079"/>
</suite>
<statistics>
<total>
<stat pass="3" fail="0" skip="0">All Tests</stat>
</total>
<tag>
</tag>
<suite>
<stat pass="3" fail="0" skip="0" id="s1" name="SampleApiTest">SampleApiTest</stat>
</suite>
</statistics>
<errors>
</errors>
</robot>
