<?xml version="1.0" encoding="UTF-8"?>
<robot generator="Robot 5.0.1 (Python 3.10.5 on win32)" generated="20220717 13:28:20.363" rpa="false" schemaversion="3">
<suite id="s1" name="CalculatorBdd" source="C:\Workspace\RobotFrameworkPlayground\Tests\WebUiTests\CalculatorBdd.robot">
<test id="s1-t1" name="Test Calculator With BDD Syntax" line="5">
<kw name="Given The Calculator Is Running" library="Calc_keywords">
<kw name="Log" library="BuiltIn">
<arg>Opening Calculator</arg>
<doc>Logs the given message with the given level.</doc>
<msg timestamp="20220717 13:28:20.451" level="INFO">Opening Calculator</msg>
<status status="PASS" starttime="20220717 13:28:20.451" endtime="20220717 13:28:20.451"/>
</kw>
<kw name="Start Calculator" library="Calculator">
<msg timestamp="20220717 13:28:20.451" level="INFO">Calculator Started</msg>
<status status="PASS" starttime="20220717 13:28:20.451" endtime="20220717 13:28:20.451"/>
</kw>
<status status="PASS" starttime="20220717 13:28:20.451" endtime="20220717 13:28:20.451"/>
</kw>
<kw name="When The User Enters The Term &quot;1 + 1&quot;" library="Calc_keywords" sourcename="The User Enters The Term &quot;${term}&quot;">
<kw name="Log" library="BuiltIn">
<arg>Entering ${term}</arg>
<doc>Logs the given message with the given level.</doc>
<msg timestamp="20220717 13:28:20.451" level="INFO">Entering 1 + 1</msg>
<status status="PASS" starttime="20220717 13:28:20.451" endtime="20220717 13:28:20.451"/>
</kw>
<kw name="Set Test Variable" library="BuiltIn">
<arg>${term}</arg>
<doc>Makes a variable available everywhere within the scope of the current test.</doc>
<msg timestamp="20220717 13:28:20.451" level="INFO">${term} = 1 + 1</msg>
<status status="PASS" starttime="20220717 13:28:20.451" endtime="20220717 13:28:20.451"/>
</kw>
<status status="PASS" starttime="20220717 13:28:20.451" endtime="20220717 13:28:20.451"/>
</kw>
<kw name="And The User Triggers The Calculation" library="Calc_keywords">
<kw name="Log" library="BuiltIn">
<arg>Triggering Calculation</arg>
<doc>Logs the given message with the given level.</doc>
<msg timestamp="20220717 13:28:20.451" level="INFO">Triggering Calculation</msg>
<status status="PASS" starttime="20220717 13:28:20.451" endtime="20220717 13:28:20.451"/>
</kw>
<kw name="Calculate Term" library="Calculator">
<var>${result}</var>
<arg>${term}</arg>
<doc>Interpret term as a mathematical expression
and return the result</doc>
<msg timestamp="20220717 13:28:20.451" level="INFO">Calculating Term: 1 + 1</msg>
<msg timestamp="20220717 13:28:20.451" level="INFO">${result} = 2</msg>
<status status="PASS" starttime="20220717 13:28:20.451" endtime="20220717 13:28:20.451"/>
</kw>
<kw name="Set Test Variable" library="BuiltIn">
<arg>${result}</arg>
<doc>Makes a variable available everywhere within the scope of the current test.</doc>
<msg timestamp="20220717 13:28:20.451" level="INFO">${result} = 2</msg>
<status status="PASS" starttime="20220717 13:28:20.451" endtime="20220717 13:28:20.451"/>
</kw>
<status status="PASS" starttime="20220717 13:28:20.451" endtime="20220717 13:28:20.451"/>
</kw>
<kw name="Then The Result Should Be &quot;2&quot;" library="Calc_keywords" sourcename="The Result Should Be &quot;${expected}&quot;">
<kw name="Log" library="BuiltIn">
<arg>Checking Result</arg>
<doc>Logs the given message with the given level.</doc>
<msg timestamp="20220717 13:28:20.451" level="INFO">Checking Result</msg>
<status status="PASS" starttime="20220717 13:28:20.451" endtime="20220717 13:28:20.451"/>
</kw>
<kw name="Should Be Equal As Numbers" library="BuiltIn">
<arg>${result}</arg>
<arg>${expected}</arg>
<doc>Fails if objects are unequal after converting them to real numbers.</doc>
<msg timestamp="20220717 13:28:20.451" level="INFO">Argument types are:
&lt;class 'int'&gt;
&lt;class 'str'&gt;</msg>
<status status="PASS" starttime="20220717 13:28:20.451" endtime="20220717 13:28:20.451"/>
</kw>
<status status="PASS" starttime="20220717 13:28:20.451" endtime="20220717 13:28:20.451"/>
</kw>
<status status="PASS" starttime="20220717 13:28:20.448" endtime="20220717 13:28:20.451"/>
</test>
<status status="PASS" starttime="20220717 13:28:20.363" endtime="20220717 13:28:20.451"/>
</suite>
<statistics>
<total>
<stat pass="1" fail="0" skip="0">All Tests</stat>
</total>
<tag>
</tag>
<suite>
<stat pass="1" fail="0" skip="0" id="s1" name="CalculatorBdd">CalculatorBdd</stat>
</suite>
</statistics>
<errors>
</errors>
</robot>
